# JRE version: OpenJDK Runtime Environment Microsoft-8035246 (17.0.8+7) (build 17.0.8+7-LTS)
# Java VM: OpenJDK 64-Bit Server VM Microsoft-8035246 (17.0.8+7-LTS, mixed mode, sharing, tiered, compressed oops, compressed class ptrs, g1 gc, windows-amd64)
GC Precious Log:
 CPUs: 8 total, 8 available
 Memory: 16264M
 Large Page Support: Disabled
 NUMA Support: Disabled
 Compressed Oops: Enabled (32-bit)
 Heap Region Size: 1M
 Heap Min Capacity: 8M
 Heap Initial Capacity: 256M
 Heap Max Capacity: 2G
 Pre-touch: Disabled
 Parallel Workers: 8
 Concurrent Workers: 2
 Concurrent Refinement Workers: 8
 Periodic GC: Disabled
Heap:
 garbage-first heap   total 367616K, used 273275K [0x0000000080000000, 0x0000000100000000)
  region size 1024K, 90 young (92160K), 11 survivors (11264K)
 Metaspace       used 111925K, committed 113088K, reserved 557056K
  class space    used 15461K, committed 16000K, reserved 425984K
GC Heap History (20 events):
Event: 76.171 GC heap before
{Heap before GC invocations=41 (full 0):
 garbage-first heap   total 249856K, used 186441K [0x0000000080000000, 0x0000000100000000)
  region size 1024K, 93 young (95232K), 9 survivors (9216K)
 Metaspace       used 94207K, committed 95104K, reserved 557056K
  class space    used 13241K, committed 13696K, reserved 425984K
}
Event: 76.295 GC heap after
{Heap after GC invocations=42 (full 0):
 garbage-first heap   total 249856K, used 111163K [0x0000000080000000, 0x0000000100000000)
  region size 1024K, 12 young (12288K), 12 survivors (12288K)
 Metaspace       used 94207K, committed 95104K, reserved 557056K
  class space    used 13241K, committed 13696K, reserved 425984K
}
Event: 82.340 GC heap before
{Heap before GC invocations=42 (full 0):
 garbage-first heap   total 249856K, used 194107K [0x0000000080000000, 0x0000000100000000)
  region size 1024K, 89 young (91136K), 12 survivors (12288K)
 Metaspace       used 95903K, committed 96832K, reserved 557056K
  class space    used 13489K, committed 13952K, reserved 425984K
}
Event: 82.446 GC heap after
{Heap after GC invocations=43 (full 0):
 garbage-first heap   total 249856K, used 132920K [0x0000000080000000, 0x0000000100000000)
  region size 1024K, 12 young (12288K), 12 survivors (12288K)
 Metaspace       used 95903K, committed 96832K, reserved 557056K
  class space    used 13489K, committed 13952K, reserved 425984K
}
Event: 84.899 GC heap before
{Heap before GC invocations=43 (full 0):
 garbage-first heap   total 249856K, used 194360K [0x0000000080000000, 0x0000000100000000)
  region size 1024K, 72 young (73728K), 12 survivors (12288K)
 Metaspace       used 99245K, committed 100288K, reserved 557056K
  class space    used 13952K, committed 14464K, reserved 425984K
}
Event: 84.953 GC heap after
{Heap after GC invocations=44 (full 0):
 garbage-first heap   total 249856K, used 138449K [0x0000000080000000, 0x0000000100000000)
  region size 1024K, 5 young (5120K), 5 survivors (5120K)
 Metaspace       used 99245K, committed 100288K, reserved 557056K
  class space    used 13952K, committed 14464K, reserved 425984K
}
Event: 87.212 GC heap before
{Heap before GC invocations=45 (full 0):
 garbage-first heap   total 249856K, used 197841K [0x0000000080000000, 0x0000000100000000)
  region size 1024K, 63 young (64512K), 5 survivors (5120K)
 Metaspace       used 102368K, committed 103296K, reserved 557056K
  class space    used 14391K, committed 14848K, reserved 425984K
}
Event: 87.257 GC heap after
{Heap after GC invocations=46 (full 0):
 garbage-first heap   total 249856K, used 141680K [0x0000000080000000, 0x0000000100000000)
  region size 1024K, 8 young (8192K), 8 survivors (8192K)
 Metaspace       used 102368K, committed 103296K, reserved 557056K
  class space    used 14391K, committed 14848K, reserved 425984K
}
Event: 87.511 GC heap before
{Heap before GC invocations=46 (full 0):
 garbage-first heap   total 249856K, used 145776K [0x0000000080000000, 0x0000000100000000)
  region size 1024K, 12 young (12288K), 8 survivors (8192K)
 Metaspace       used 102477K, committed 103488K, reserved 557056K
  class space    used 14404K, committed 14912K, reserved 425984K
}
Event: 87.556 GC heap after
{Heap after GC invocations=47 (full 0):
 garbage-first heap   total 249856K, used 142274K [0x0000000080000000, 0x0000000100000000)
  region size 1024K, 2 young (2048K), 2 survivors (2048K)
 Metaspace       used 102477K, committed 103488K, reserved 557056K
  class space    used 14404K, committed 14912K, reserved 425984K
}
Event: 89.040 GC heap before
{Heap before GC invocations=47 (full 0):
 garbage-first heap   total 249856K, used 201666K [0x0000000080000000, 0x0000000100000000)
  region size 1024K, 60 young (61440K), 2 survivors (2048K)
 Metaspace       used 102744K, committed 103744K, reserved 557056K
  class space    used 14431K, committed 14912K, reserved 425984K
}
Event: 89.093 GC heap after
{Heap after GC invocations=48 (full 0):
 garbage-first heap   total 367616K, used 151712K [0x0000000080000000, 0x0000000100000000)
  region size 1024K, 8 young (8192K), 8 survivors (8192K)
 Metaspace       used 102744K, committed 103744K, reserved 557056K
  class space    used 14431K, committed 14912K, reserved 425984K
}
Event: 100.952 GC heap before
{Heap before GC invocations=49 (full 0):
 garbage-first heap   total 367616K, used 278688K [0x0000000080000000, 0x0000000100000000)
  region size 1024K, 130 young (133120K), 8 survivors (8192K)
 Metaspace       used 104907K, committed 105984K, reserved 557056K
  class space    used 14700K, committed 15232K, reserved 425984K
}
Event: 101.079 GC heap after
{Heap after GC invocations=50 (full 0):
 garbage-first heap   total 367616K, used 172902K [0x0000000080000000, 0x0000000100000000)
  region size 1024K, 17 young (17408K), 17 survivors (17408K)
 Metaspace       used 104907K, committed 105984K, reserved 557056K
  class space    used 14700K, committed 15232K, reserved 425984K
}
Event: 101.144 GC heap before
{Heap before GC invocations=50 (full 0):
 garbage-first heap   total 367616K, used 173926K [0x0000000080000000, 0x0000000100000000)
  region size 1024K, 18 young (18432K), 17 survivors (17408K)
 Metaspace       used 104996K, committed 106048K, reserved 557056K
  class space    used 14712K, committed 15232K, reserved 425984K
}
Event: 101.240 GC heap after
{Heap after GC invocations=51 (full 0):
 garbage-first heap   total 367616K, used 174464K [0x0000000080000000, 0x0000000100000000)
  region size 1024K, 2 young (2048K), 2 survivors (2048K)
 Metaspace       used 104996K, committed 106048K, reserved 557056K
  class space    used 14712K, committed 15232K, reserved 425984K
}
Event: 109.265 GC heap before
{Heap before GC invocations=51 (full 0):
 garbage-first heap   total 367616K, used 283008K [0x0000000080000000, 0x0000000100000000)
  region size 1024K, 108 young (110592K), 2 survivors (2048K)
 Metaspace       used 108784K, committed 109888K, reserved 557056K
  class space    used 15196K, committed 15680K, reserved 425984K
}
Event: 109.339 GC heap after
{Heap after GC invocations=52 (full 0):
 garbage-first heap   total 367616K, used 183604K [0x0000000080000000, 0x0000000100000000)
  region size 1024K, 11 young (11264K), 11 survivors (11264K)
 Metaspace       used 108784K, committed 109888K, reserved 557056K
  class space    used 15196K, committed 15680K, reserved 425984K
}
Event: 113.737 GC heap before
{Heap before GC invocations=52 (full 0):
 garbage-first heap   total 367616K, used 292148K [0x0000000080000000, 0x0000000100000000)
  region size 1024K, 113 young (115712K), 11 survivors (11264K)
 Metaspace       used 111778K, committed 112960K, reserved 557056K
  class space    used 15460K, committed 16000K, reserved 425984K
}
Event: 113.816 GC heap after
{Heap after GC invocations=53 (full 0):
 garbage-first heap   total 367616K, used 194427K [0x0000000080000000, 0x0000000100000000)
  region size 1024K, 11 young (11264K), 11 survivors (11264K)
 Metaspace       used 111778K, committed 112960K, reserved 557056K
  class space    used 15460K, committed 16000K, reserved 425984K
}

